2023-07-23 12:13:01,261 - INFO - Starting the model fit...
2023-07-23 12:13:04,042 - INFO - Data collected in 2.78s, its shape: (3613769, 8)
2023-07-23 12:16:34,017 - INFO - Starting the model fit...
2023-07-23 12:16:36,713 - INFO - Data collected in 2.70s, its shape: (3613769, 8)
2023-07-23 13:37:36,687 - INFO - Initializing model fit sequence...
2023-07-23 13:37:39,382 - INFO - Data collected in 2.70s, its shape: (3613769, 8)
2023-07-23 13:38:52,851 - INFO - Initializing model fit sequence...
2023-07-23 13:38:55,625 - INFO - Data collected in 2.77s, its shape: (3613769, 8)
2023-07-23 13:38:55,625 - INFO - Preprocessing started...
2023-07-23 13:39:11,222 - INFO - Data preprocessed in 15.60s
2023-07-23 13:39:11,222 - INFO - Resulting shapes are ((2891015, 10), (722754, 10), (2891015,), (722754,))
2023-07-23 13:39:30,907 - INFO - Initializing model fit sequence...
2023-07-23 13:39:33,628 - INFO - Data collected in 2.72s, its shape: (3613769, 8)
2023-07-23 13:39:33,628 - INFO - Preprocessing started...
2023-07-23 13:39:48,811 - INFO - Data preprocessed in 15.18s
2023-07-23 13:39:48,811 - INFO - Resulting shapes are ((2891015, 10), (722754, 10), (2891015,), (722754,))
2023-07-23 13:40:21,161 - INFO - Initializing model fit sequence...
2023-07-23 13:40:24,142 - INFO - Data collected in 2.98s, its shape: (3613769, 8)
2023-07-23 13:40:24,142 - INFO - Preprocessing started...
2023-07-23 13:40:41,384 - INFO - Data preprocessed in 17.24s
2023-07-23 13:40:41,384 - INFO - Resulting shapes are ((2891015, 10), (722754, 10), (2891015,), (722754,))
2023-07-23 13:41:16,863 - INFO - Initializing model fit sequence...
2023-07-23 13:41:20,118 - INFO - Data collected in 3.25s, its shape: (3613769, 8)
2023-07-23 13:41:20,118 - INFO - Preprocessing started...
2023-07-23 13:41:36,046 - INFO - Data preprocessed in 15.93s
2023-07-23 13:41:36,046 - INFO - Resulting shapes are ((2891015, 10), (722754, 10), (2891015,), (722754,))
2023-07-23 13:42:02,371 - INFO - Initializing model fit sequence...
2023-07-23 13:42:05,051 - INFO - Data collected in 2.68s, its shape: (3613769, 8)
2023-07-23 13:42:05,051 - INFO - Preprocessing started...
2023-07-23 13:42:20,037 - INFO - Data preprocessed in 14.99s
2023-07-23 13:42:20,037 - INFO - Resulting shapes are ((2891015, 10), (722754, 10), (2891015,), (722754,))
2023-07-23 13:43:03,708 - INFO - Initializing model fit sequence...
2023-07-23 13:43:06,496 - INFO - Data collected in 2.79s, its shape: (3613769, 8)
2023-07-23 13:43:06,496 - INFO - Preprocessing started...
2023-07-23 13:43:22,129 - INFO - Data preprocessed in 15.63s
2023-07-23 13:43:22,129 - INFO - Resulting shapes are ((2891015, 10), (722754, 10), (2891015,), (722754,))
2023-07-23 13:44:49,363 - INFO - Model fitted in 87.23s
2023-07-23 13:44:49,363 - INFO - ...and saved as models/model.joblib
2023-07-23 13:44:49,363 - INFO - Metrics are: {'mae': 8.558920788450871, 'mse': 245.44712538602886, 'rmse': 15.666752228398483}
2023-07-25 11:17:14,871 - INFO - Initializing model fit sequence...
2023-07-25 11:17:17,940 - INFO - Data collected in 3.07s, its shape: (3613769, 8)
2023-07-25 11:17:17,940 - INFO - Preprocessing started...
2023-07-25 11:17:35,805 - INFO - Data preprocessed in 17.86s
2023-07-25 11:17:35,805 - INFO - Resulting shapes are ((2891015, 10), (722754, 10), (2891015,), (722754,))
2023-07-25 11:19:11,232 - INFO - Model fitted in 95.43s
2023-07-25 11:19:11,232 - INFO - ...and saved as models/model.joblib
2023-07-25 11:19:11,233 - INFO - Metrics are: {'mae': 8.558920788450871, 'mse': 245.44712538602886, 'rmse': 15.666752228398483}
2023-07-25 11:19:46,122 - INFO - Initializing model fit sequence...
2023-07-25 11:19:49,176 - INFO - Data collected in 3.05s, its shape: (3613769, 8)
2023-07-25 11:19:49,176 - INFO - Preprocessing started...
2023-07-25 11:20:07,077 - INFO - Data preprocessed in 17.90s
2023-07-25 11:20:07,077 - INFO - Resulting shapes are ((2891015, 10), (722754, 10), (2891015,), (722754,))
2023-07-25 11:21:42,211 - INFO - Model fitted in 95.13s
2023-07-25 11:21:42,211 - INFO - ...and saved as models/model.joblib
2023-07-25 11:21:42,211 - INFO - Metrics are: {'mae': 8.558920788450871, 'mse': 245.44712538602886, 'rmse': 15.666752228398483}
2023-07-25 11:21:42,212 - INFO - Model fit sequence completed
